2024-08-08T09:19:39.700+02:00  INFO 13248 --- [backend] [restartedMain] com.betacom.backend.BackendApplication   : Starting BackendApplication using Java 17.0.11 with PID 13248 (C:\Users\raimo\OneDrive\Betacom\Git-hub\FinalProject\backend\target\classes started by root in C:\Users\raimo\OneDrive\Betacom\Git-hub\FinalProject)
2024-08-08T09:19:39.740+02:00 DEBUG 13248 --- [backend] [restartedMain] com.betacom.backend.BackendApplication   : Running with Spring Boot v3.2.8, Spring v6.1.11
2024-08-08T09:19:39.751+02:00  INFO 13248 --- [backend] [restartedMain] com.betacom.backend.BackendApplication   : No active profile set, falling back to 1 default profile: "default"
2024-08-08T09:19:40.000+02:00  INFO 13248 --- [backend] [restartedMain] .e.DevToolsPropertyDefaultsPostProcessor : Devtools property defaults active! Set 'spring.devtools.add-properties' to 'false' to disable
2024-08-08T09:19:40.006+02:00  INFO 13248 --- [backend] [restartedMain] .e.DevToolsPropertyDefaultsPostProcessor : For additional web related logging consider setting the 'logging.level.web' property to 'DEBUG'
2024-08-08T09:19:43.053+02:00  INFO 13248 --- [backend] [restartedMain] .s.d.r.c.RepositoryConfigurationDelegate : Bootstrapping Spring Data JPA repositories in DEFAULT mode.
2024-08-08T09:19:43.312+02:00  INFO 13248 --- [backend] [restartedMain] .s.d.r.c.RepositoryConfigurationDelegate : Finished Spring Data repository scanning in 187 ms. Found 0 JPA repository interfaces.
2024-08-08T09:19:45.756+02:00  INFO 13248 --- [backend] [restartedMain] o.s.b.w.embedded.tomcat.TomcatWebServer  : Tomcat initialized with port 8080 (http)
2024-08-08T09:19:45.781+02:00  INFO 13248 --- [backend] [restartedMain] o.apache.catalina.core.StandardService   : Starting service [Tomcat]
2024-08-08T09:19:45.783+02:00  INFO 13248 --- [backend] [restartedMain] o.apache.catalina.core.StandardEngine    : Starting Servlet engine: [Apache Tomcat/10.1.26]
2024-08-08T09:19:45.968+02:00  INFO 13248 --- [backend] [restartedMain] o.a.c.c.C.[Tomcat].[localhost].[/]       : Initializing Spring embedded WebApplicationContext
2024-08-08T09:19:45.970+02:00  INFO 13248 --- [backend] [restartedMain] w.s.c.ServletWebServerApplicationContext : Root WebApplicationContext: initialization completed in 5961 ms
2024-08-08T09:19:46.548+02:00  INFO 13248 --- [backend] [restartedMain] com.zaxxer.hikari.HikariDataSource       : HikariPool-1 - Starting...
2024-08-08T09:19:47.662+02:00  INFO 13248 --- [backend] [restartedMain] com.zaxxer.hikari.pool.HikariPool        : HikariPool-1 - Added connection com.mysql.cj.jdbc.ConnectionImpl@771ebfa2
2024-08-08T09:19:47.677+02:00  INFO 13248 --- [backend] [restartedMain] com.zaxxer.hikari.HikariDataSource       : HikariPool-1 - Start completed.
2024-08-08T09:19:47.931+02:00  INFO 13248 --- [backend] [restartedMain] o.hibernate.jpa.internal.util.LogHelper  : HHH000204: Processing PersistenceUnitInfo [name: default]
2024-08-08T09:19:48.242+02:00  INFO 13248 --- [backend] [restartedMain] org.hibernate.Version                    : HHH000412: Hibernate ORM core version 6.4.9.Final
2024-08-08T09:19:48.441+02:00  INFO 13248 --- [backend] [restartedMain] o.h.c.internal.RegionFactoryInitiator    : HHH000026: Second-level cache disabled
2024-08-08T09:19:49.181+02:00  INFO 13248 --- [backend] [restartedMain] o.s.o.j.p.SpringPersistenceUnitInfo      : No LoadTimeWeaver setup: ignoring JPA class transformer
2024-08-08T09:19:50.255+02:00 ERROR 13248 --- [backend] [restartedMain] j.LocalContainerEntityManagerFactoryBean : Failed to initialize JPA EntityManagerFactory: Collection 'com.betacom.backend.pojo.LunghezzaManica.camicie' is 'mappedBy' a property named 'lunghezza_manica' which does not exist in the target entity 'com.betacom.backend.pojo.Camicia'
2024-08-08T09:19:50.259+02:00  WARN 13248 --- [backend] [restartedMain] ConfigServletWebServerApplicationContext : Exception encountered during context initialization - cancelling refresh attempt: org.springframework.beans.factory.BeanCreationException: Error creating bean with name 'entityManagerFactory' defined in class path resource [org/springframework/boot/autoconfigure/orm/jpa/HibernateJpaConfiguration.class]: Collection 'com.betacom.backend.pojo.LunghezzaManica.camicie' is 'mappedBy' a property named 'lunghezza_manica' which does not exist in the target entity 'com.betacom.backend.pojo.Camicia'
2024-08-08T09:19:50.269+02:00  INFO 13248 --- [backend] [restartedMain] com.zaxxer.hikari.HikariDataSource       : HikariPool-1 - Shutdown initiated...
2024-08-08T09:19:50.319+02:00  INFO 13248 --- [backend] [restartedMain] com.zaxxer.hikari.HikariDataSource       : HikariPool-1 - Shutdown completed.
2024-08-08T09:19:50.329+02:00  INFO 13248 --- [backend] [restartedMain] o.apache.catalina.core.StandardService   : Stopping service [Tomcat]
2024-08-08T09:19:50.401+02:00  INFO 13248 --- [backend] [restartedMain] .s.b.a.l.ConditionEvaluationReportLogger : 

Error starting ApplicationContext. To display the condition evaluation report re-run your application with 'debug' enabled.
2024-08-08T09:19:50.497+02:00 ERROR 13248 --- [backend] [restartedMain] o.s.boot.SpringApplication               : Application run failed

org.springframework.beans.factory.BeanCreationException: Error creating bean with name 'entityManagerFactory' defined in class path resource [org/springframework/boot/autoconfigure/orm/jpa/HibernateJpaConfiguration.class]: Collection 'com.betacom.backend.pojo.LunghezzaManica.camicie' is 'mappedBy' a property named 'lunghezza_manica' which does not exist in the target entity 'com.betacom.backend.pojo.Camicia'
	at org.springframework.beans.factory.support.AbstractAutowireCapableBeanFactory.initializeBean(AbstractAutowireCapableBeanFactory.java:1806) ~[spring-beans-6.1.11.jar:6.1.11]
	at org.springframework.beans.factory.support.AbstractAutowireCapableBeanFactory.doCreateBean(AbstractAutowireCapableBeanFactory.java:600) ~[spring-beans-6.1.11.jar:6.1.11]
	at org.springframework.beans.factory.support.AbstractAutowireCapableBeanFactory.createBean(AbstractAutowireCapableBeanFactory.java:522) ~[spring-beans-6.1.11.jar:6.1.11]
	at org.springframework.beans.factory.support.AbstractBeanFactory.lambda$doGetBean$0(AbstractBeanFactory.java:337) ~[spring-beans-6.1.11.jar:6.1.11]
	at org.springframework.beans.factory.support.DefaultSingletonBeanRegistry.getSingleton(DefaultSingletonBeanRegistry.java:234) ~[spring-beans-6.1.11.jar:6.1.11]
	at org.springframework.beans.factory.support.AbstractBeanFactory.doGetBean(AbstractBeanFactory.java:335) ~[spring-beans-6.1.11.jar:6.1.11]
	at org.springframework.beans.factory.support.AbstractBeanFactory.getBean(AbstractBeanFactory.java:205) ~[spring-beans-6.1.11.jar:6.1.11]
	at org.springframework.context.support.AbstractApplicationContext.finishBeanFactoryInitialization(AbstractApplicationContext.java:954) ~[spring-context-6.1.11.jar:6.1.11]
	at org.springframework.context.support.AbstractApplicationContext.refresh(AbstractApplicationContext.java:625) ~[spring-context-6.1.11.jar:6.1.11]
	at org.springframework.boot.web.servlet.context.ServletWebServerApplicationContext.refresh(ServletWebServerApplicationContext.java:146) ~[spring-boot-3.2.8.jar:3.2.8]
	at org.springframework.boot.SpringApplication.refresh(SpringApplication.java:754) ~[spring-boot-3.2.8.jar:3.2.8]
	at org.springframework.boot.SpringApplication.refreshContext(SpringApplication.java:456) ~[spring-boot-3.2.8.jar:3.2.8]
	at org.springframework.boot.SpringApplication.run(SpringApplication.java:335) ~[spring-boot-3.2.8.jar:3.2.8]
	at org.springframework.boot.SpringApplication.run(SpringApplication.java:1363) ~[spring-boot-3.2.8.jar:3.2.8]
	at org.springframework.boot.SpringApplication.run(SpringApplication.java:1352) ~[spring-boot-3.2.8.jar:3.2.8]
	at com.betacom.backend.BackendApplication.main(BackendApplication.java:12) ~[classes/:na]
	at java.base/jdk.internal.reflect.NativeMethodAccessorImpl.invoke0(Native Method) ~[na:na]
	at java.base/jdk.internal.reflect.NativeMethodAccessorImpl.invoke(NativeMethodAccessorImpl.java:77) ~[na:na]
	at java.base/jdk.internal.reflect.DelegatingMethodAccessorImpl.invoke(DelegatingMethodAccessorImpl.java:43) ~[na:na]
	at java.base/java.lang.reflect.Method.invoke(Method.java:568) ~[na:na]
	at org.springframework.boot.devtools.restart.RestartLauncher.run(RestartLauncher.java:50) ~[spring-boot-devtools-3.2.8.jar:3.2.8]
Caused by: org.hibernate.AnnotationException: Collection 'com.betacom.backend.pojo.LunghezzaManica.camicie' is 'mappedBy' a property named 'lunghezza_manica' which does not exist in the target entity 'com.betacom.backend.pojo.Camicia'
	at org.hibernate.boot.model.internal.CollectionBinder.isReversePropertyInJoin(CollectionBinder.java:1622) ~[hibernate-core-6.4.9.Final.jar:6.4.9.Final]
	at org.hibernate.boot.model.internal.CollectionBinder.noAssociationTable(CollectionBinder.java:1636) ~[hibernate-core-6.4.9.Final.jar:6.4.9.Final]
	at org.hibernate.boot.model.internal.CollectionBinder.bindStarToManySecondPass(CollectionBinder.java:1597) ~[hibernate-core-6.4.9.Final.jar:6.4.9.Final]
	at org.hibernate.boot.model.internal.CollectionBinder$1.secondPass(CollectionBinder.java:1588) ~[hibernate-core-6.4.9.Final.jar:6.4.9.Final]
	at org.hibernate.boot.model.internal.CollectionSecondPass.doSecondPass(CollectionSecondPass.java:45) ~[hibernate-core-6.4.9.Final.jar:6.4.9.Final]
	at org.hibernate.boot.internal.InFlightMetadataCollectorImpl.processSecondPasses(InFlightMetadataCollectorImpl.java:1815) ~[hibernate-core-6.4.9.Final.jar:6.4.9.Final]
	at org.hibernate.boot.internal.InFlightMetadataCollectorImpl.processSecondPasses(InFlightMetadataCollectorImpl.java:1774) ~[hibernate-core-6.4.9.Final.jar:6.4.9.Final]
	at org.hibernate.boot.model.process.spi.MetadataBuildingProcess.complete(MetadataBuildingProcess.java:332) ~[hibernate-core-6.4.9.Final.jar:6.4.9.Final]
	at org.hibernate.jpa.boot.internal.EntityManagerFactoryBuilderImpl.metadata(EntityManagerFactoryBuilderImpl.java:1432) ~[hibernate-core-6.4.9.Final.jar:6.4.9.Final]
	at org.hibernate.jpa.boot.internal.EntityManagerFactoryBuilderImpl.build(EntityManagerFactoryBuilderImpl.java:1503) ~[hibernate-core-6.4.9.Final.jar:6.4.9.Final]
	at org.springframework.orm.jpa.vendor.SpringHibernateJpaPersistenceProvider.createContainerEntityManagerFactory(SpringHibernateJpaPersistenceProvider.java:75) ~[spring-orm-6.1.11.jar:6.1.11]
	at org.springframework.orm.jpa.LocalContainerEntityManagerFactoryBean.createNativeEntityManagerFactory(LocalContainerEntityManagerFactoryBean.java:390) ~[spring-orm-6.1.11.jar:6.1.11]
	at org.springframework.orm.jpa.AbstractEntityManagerFactoryBean.buildNativeEntityManagerFactory(AbstractEntityManagerFactoryBean.java:409) ~[spring-orm-6.1.11.jar:6.1.11]
	at org.springframework.orm.jpa.AbstractEntityManagerFactoryBean.afterPropertiesSet(AbstractEntityManagerFactoryBean.java:396) ~[spring-orm-6.1.11.jar:6.1.11]
	at org.springframework.orm.jpa.LocalContainerEntityManagerFactoryBean.afterPropertiesSet(LocalContainerEntityManagerFactoryBean.java:366) ~[spring-orm-6.1.11.jar:6.1.11]
	at org.springframework.beans.factory.support.AbstractAutowireCapableBeanFactory.invokeInitMethods(AbstractAutowireCapableBeanFactory.java:1853) ~[spring-beans-6.1.11.jar:6.1.11]
	at org.springframework.beans.factory.support.AbstractAutowireCapableBeanFactory.initializeBean(AbstractAutowireCapableBeanFactory.java:1802) ~[spring-beans-6.1.11.jar:6.1.11]
	... 20 common frames omitted

2024-08-08T09:22:20.097+02:00  INFO 6668 --- [backend] [restartedMain] com.betacom.backend.BackendApplication   : Starting BackendApplication using Java 17.0.11 with PID 6668 (C:\Users\raimo\OneDrive\Betacom\Git-hub\FinalProject\backend\target\classes started by root in C:\Users\raimo\OneDrive\Betacom\Git-hub\FinalProject)
2024-08-08T09:22:20.107+02:00 DEBUG 6668 --- [backend] [restartedMain] com.betacom.backend.BackendApplication   : Running with Spring Boot v3.2.8, Spring v6.1.11
2024-08-08T09:22:20.160+02:00  INFO 6668 --- [backend] [restartedMain] com.betacom.backend.BackendApplication   : No active profile set, falling back to 1 default profile: "default"
2024-08-08T09:22:20.389+02:00  INFO 6668 --- [backend] [restartedMain] .e.DevToolsPropertyDefaultsPostProcessor : Devtools property defaults active! Set 'spring.devtools.add-properties' to 'false' to disable
2024-08-08T09:22:20.392+02:00  INFO 6668 --- [backend] [restartedMain] .e.DevToolsPropertyDefaultsPostProcessor : For additional web related logging consider setting the 'logging.level.web' property to 'DEBUG'
2024-08-08T09:22:23.805+02:00  INFO 6668 --- [backend] [restartedMain] .s.d.r.c.RepositoryConfigurationDelegate : Bootstrapping Spring Data JPA repositories in DEFAULT mode.
2024-08-08T09:22:23.878+02:00  INFO 6668 --- [backend] [restartedMain] .s.d.r.c.RepositoryConfigurationDelegate : Finished Spring Data repository scanning in 41 ms. Found 0 JPA repository interfaces.
2024-08-08T09:22:26.111+02:00  INFO 6668 --- [backend] [restartedMain] o.s.b.w.embedded.tomcat.TomcatWebServer  : Tomcat initialized with port 8080 (http)
2024-08-08T09:22:26.161+02:00  INFO 6668 --- [backend] [restartedMain] o.apache.catalina.core.StandardService   : Starting service [Tomcat]
2024-08-08T09:22:26.164+02:00  INFO 6668 --- [backend] [restartedMain] o.apache.catalina.core.StandardEngine    : Starting Servlet engine: [Apache Tomcat/10.1.26]
2024-08-08T09:22:26.346+02:00  INFO 6668 --- [backend] [restartedMain] o.a.c.c.C.[Tomcat].[localhost].[/]       : Initializing Spring embedded WebApplicationContext
2024-08-08T09:22:26.347+02:00  INFO 6668 --- [backend] [restartedMain] w.s.c.ServletWebServerApplicationContext : Root WebApplicationContext: initialization completed in 5953 ms
2024-08-08T09:22:26.757+02:00  INFO 6668 --- [backend] [restartedMain] com.zaxxer.hikari.HikariDataSource       : HikariPool-1 - Starting...
2024-08-08T09:22:27.727+02:00  INFO 6668 --- [backend] [restartedMain] com.zaxxer.hikari.pool.HikariPool        : HikariPool-1 - Added connection com.mysql.cj.jdbc.ConnectionImpl@4193c621
2024-08-08T09:22:27.733+02:00  INFO 6668 --- [backend] [restartedMain] com.zaxxer.hikari.HikariDataSource       : HikariPool-1 - Start completed.
2024-08-08T09:22:27.999+02:00  INFO 6668 --- [backend] [restartedMain] o.hibernate.jpa.internal.util.LogHelper  : HHH000204: Processing PersistenceUnitInfo [name: default]
2024-08-08T09:22:28.349+02:00  INFO 6668 --- [backend] [restartedMain] org.hibernate.Version                    : HHH000412: Hibernate ORM core version 6.4.9.Final
2024-08-08T09:22:28.496+02:00  INFO 6668 --- [backend] [restartedMain] o.h.c.internal.RegionFactoryInitiator    : HHH000026: Second-level cache disabled
2024-08-08T09:22:29.247+02:00  INFO 6668 --- [backend] [restartedMain] o.s.o.j.p.SpringPersistenceUnitInfo      : No LoadTimeWeaver setup: ignoring JPA class transformer
2024-08-08T09:22:32.336+02:00  INFO 6668 --- [backend] [restartedMain] o.h.e.t.j.p.i.JtaPlatformInitiator       : HHH000489: No JTA platform available (set 'hibernate.transaction.jta.platform' to enable JTA platform integration)
2024-08-08T09:22:32.344+02:00  INFO 6668 --- [backend] [restartedMain] j.LocalContainerEntityManagerFactoryBean : Initialized JPA EntityManagerFactory for persistence unit 'default'
2024-08-08T09:22:32.501+02:00  WARN 6668 --- [backend] [restartedMain] JpaBaseConfiguration$JpaWebConfiguration : spring.jpa.open-in-view is enabled by default. Therefore, database queries may be performed during view rendering. Explicitly configure spring.jpa.open-in-view to disable this warning
2024-08-08T09:22:33.975+02:00  INFO 6668 --- [backend] [restartedMain] o.s.b.d.a.OptionalLiveReloadServer       : LiveReload server is running on port 35729
2024-08-08T09:22:34.113+02:00  INFO 6668 --- [backend] [restartedMain] o.s.b.w.embedded.tomcat.TomcatWebServer  : Tomcat started on port 8080 (http) with context path ''
2024-08-08T09:22:34.173+02:00  INFO 6668 --- [backend] [restartedMain] com.betacom.backend.BackendApplication   : Started BackendApplication in 15.365 seconds (process running for 16.681)
